<?xml version="1.0" encoding="UTF-8"?>
<!-- Generated by org.testng.reporters.JUnitReportReporter -->
<testsuite hostname="Z3P3PUGAVS0011" failures="0" tests="2" name="com.HRM.Testcases.LoginPageTests" time="12.729" errors="0" timestamp="2023-05-23T20:49:28 IST" skipped="0">
  <testcase classname="com.HRM.Testcases.LoginPageTests" name="verifyLoginFeature" time="7.384"/>
  <system-out/>
  <testcase classname="com.HRM.Testcases.LoginPageTests" name="verifyForgotPasswordlnkFeature" time="5.345"/>
  <system-out/>
</testsuite> <!-- com.HRM.Testcases.LoginPageTests -->
