<?xml version="1.0" encoding="UTF-8"?>
<!-- Generated by org.testng.reporters.JUnitReportReporter -->
<testsuite hostname="Z3P3PUGAVS0011" failures="0" tests="1" name="com.HRM.Testcases.LoginPageTests2" time="8.634" errors="0" timestamp="2023-05-22T17:24:37 IST" skipped="0">
  <testcase classname="com.HRM.Testcases.LoginPageTests2" name="TC_sample2" time="8.634"/>
  <system-out/>
</testsuite> <!-- com.HRM.Testcases.LoginPageTests2 -->
