<?xml version="1.0" encoding="UTF-8"?>
<!-- Generated by org.testng.reporters.JUnitReportReporter -->
<testsuite hostname="Z3P3PUGAVS0011" failures="0" tests="1" name="com.HRM.Testcases.AdminPageTests" time="10.756" errors="0" timestamp="2023-05-25T14:06:49 IST" skipped="0">
  <testcase classname="com.HRM.Testcases.AdminPageTests" name="searchSystemUsersinAdminMenu" time="10.756"/>
  <system-out/>
</testsuite> <!-- com.HRM.Testcases.AdminPageTests -->
